<?xml version="1.0" encoding="UTF-8"?>
<!-- Generated by org.testng.reporters.JUnitReportReporter -->
<testsuite name="com.invigorate.testCases.LoginPageTest" tests="2" time="38.167" ignored="0" failures="0" timestamp="26 Mar 2018 09:39:23 GMT" skipped="0" hostname="P10-PC-006" errors="0">
  <testcase name="alveoLogoImageTest" time="10.841" classname="com.invigorate.testCases.LoginPageTest"/>
  <testcase name="loginTest" time="27.326" classname="com.invigorate.testCases.LoginPageTest"/>
</testsuite> <!-- com.invigorate.testCases.LoginPageTest -->
